[html.kodesolution.com/2023/amiso-html/index.html]
[backblue.gif]
[fade.gif]
[index.html]
[html.kodesolution.com/2023/amiso-html/css/bootstrap.min.css]
[html.kodesolution.com/2023/amiso-html/plugins/revolution/css/settings.css]
[html.kodesolution.com/2023/amiso-html/plugins/revolution/css/layers.css]
[html.kodesolution.com/2023/amiso-html/plugins/revolution/css/navigation.css]
[html.kodesolution.com/2023/amiso-html/css/style.css]
[html.kodesolution.com/2023/amiso-html/css/responsive.css]
[html.kodesolution.com/2023/amiso-html/images/favicon.png]
[ajax.cloudflare.com/cdn-cgi/scripts/04b3eb47/cloudflare-static/mirage2.min.js]
[html.kodesolution.com/2023/amiso-html/images/logo.png]
[html.kodesolution.com/2023/amiso-html/index-2.html]
[html.kodesolution.com/2023/amiso-html/index-3.html]
[html.kodesolution.com/2023/amiso-html/index-1-single.html]
[html.kodesolution.com/2023/amiso-html/index-2-single.html]
[html.kodesolution.com/2023/amiso-html/index-3-single.html]
[html.kodesolution.com/2023/amiso-html/index-1-dark.html]
[html.kodesolution.com/2023/amiso-html/index-2-dark.html]
[html.kodesolution.com/2023/amiso-html/index-3-dark.html]
[html.kodesolution.com/2023/amiso-html/index-1-boxed.html]
[html.kodesolution.com/2023/amiso-html/index-2-boxed.html]
[html.kodesolution.com/2023/amiso-html/index-1-rtl.html]
[html.kodesolution.com/2023/amiso-html/page-about.html]
[html.kodesolution.com/2023/amiso-html/page-projects.html]
[html.kodesolution.com/2023/amiso-html/page-project-details.html]
[html.kodesolution.com/2023/amiso-html/page-team.html]
[html.kodesolution.com/2023/amiso-html/page-team-details.html]
[html.kodesolution.com/2023/amiso-html/page-testimonial.html]
[html.kodesolution.com/2023/amiso-html/page-pricing.html]
[html.kodesolution.com/2023/amiso-html/page-faq.html]
[html.kodesolution.com/2023/amiso-html/page-404.html]
[html.kodesolution.com/2023/amiso-html/page-services.html]
[html.kodesolution.com/2023/amiso-html/page-service-details.html]
[html.kodesolution.com/2023/amiso-html/shop-products.html]
[html.kodesolution.com/2023/amiso-html/shop-products-sidebar.html]
[html.kodesolution.com/2023/amiso-html/shop-product-details.html]
[html.kodesolution.com/2023/amiso-html/shop-cart.html]
[html.kodesolution.com/2023/amiso-html/shop-checkout.html]
[html.kodesolution.com/2023/amiso-html/news-grid.html]
[html.kodesolution.com/2023/amiso-html/news-details.html]
[html.kodesolution.com/2023/amiso-html/page-contact.html]
[html.kodesolution.com/2023/amiso-html/images/logo-2.png]
[html.kodesolution.com/2023/amiso-html/images/main-slider/1.jpg]
[html.kodesolution.com/2023/amiso-html/images/main-slider/2.jpg]
[html.kodesolution.com/2023/amiso-html/images/resource/about-1.jpg]
[html.kodesolution.com/2023/amiso-html/images/resource/about-2.jpg]
[html.kodesolution.com/2023/amiso-html/images/resource/image-2.jpg]
[html.kodesolution.com/2023/amiso-html/images/background/2.jpg]
[html.kodesolution.com/2023/amiso-html/images/resource/project-1.jpg]
[html.kodesolution.com/2023/amiso-html/images/resource/project-2.jpg]
[html.kodesolution.com/2023/amiso-html/images/resource/project-3.jpg]
[html.kodesolution.com/2023/amiso-html/images/resource/project-4.jpg]
[html.kodesolution.com/2023/amiso-html/images/resource/benefit-1.jpg]
[html.kodesolution.com/2023/amiso-html/images/resource/benefit-2.jpg]
[html.kodesolution.com/2023/amiso-html/images/resource/benefit-3.jpg]
[html.kodesolution.com/2023/amiso-html/images/resource/fav-icon.png]
[html.kodesolution.com/2023/amiso-html/images/resource/faq.jpg]
[html.kodesolution.com/2023/amiso-html/images/resource/client.png]
[html.kodesolution.com/2023/amiso-html/images/resource/testi-1.jpg]
[html.kodesolution.com/2023/amiso-html/images/resource/news-1.jpg]
[html.kodesolution.com/2023/amiso-html/images/resource/news-2.jpg]
[html.kodesolution.com/2023/amiso-html/images/resource/news-3.jpg]
[html.kodesolution.com/2023/amiso-html/images/resource/contact.jpg]
[html.kodesolution.com/2023/amiso-html/images/resource/project-thumb-1.jpg]
[html.kodesolution.com/2023/amiso-html/images/resource/project-thumb-2.jpg]
[html.kodesolution.com/2023/amiso-html/images/resource/project-thumb-3.jpg]
[html.kodesolution.com/2023/amiso-html/images/resource/project-thumb-4.jpg]
[html.kodesolution.com/2023/amiso-html/images/resource/project-thumb-5.jpg]
[html.kodesolution.com/2023/amiso-html/images/resource/project-thumb-6.jpg]
[html.kodesolution.com/cdn-cgi/scripts/5c5dd728/cloudflare-static/email-decode.min.js]
[html.kodesolution.com/2023/amiso-html/js/jquery.js]
[html.kodesolution.com/2023/amiso-html/js/popper.min.js]
[html.kodesolution.com/2023/amiso-html/plugins/revolution/js/jquery.themepunch.revolution.min.js]
[html.kodesolution.com/2023/amiso-html/plugins/revolution/js/jquery.themepunch.tools.min.js]
[html.kodesolution.com/2023/amiso-html/plugins/revolution/js/extensions/revolution.extension.actions.min.js]
[html.kodesolution.com/2023/amiso-html/plugins/revolution/js/extensions/revolution.extension.carousel.min.js]
[html.kodesolution.com/2023/amiso-html/plugins/revolution/js/extensions/revolution.extension.kenburn.min.js]
[html.kodesolution.com/2023/amiso-html/plugins/revolution/js/extensions/revolution.extension.layeranimation.min.js]
[html.kodesolution.com/2023/amiso-html/plugins/revolution/js/extensions/revolution.extension.migration.min.js]
[html.kodesolution.com/2023/amiso-html/plugins/revolution/js/extensions/revolution.extension.navigation.min.js]
[html.kodesolution.com/2023/amiso-html/plugins/revolution/js/extensions/revolution.extension.parallax.min.js]
[html.kodesolution.com/2023/amiso-html/plugins/revolution/js/extensions/revolution.extension.slideanims.min.js]
[html.kodesolution.com/2023/amiso-html/plugins/revolution/js/extensions/revolution.extension.video.min.js]
[html.kodesolution.com/2023/amiso-html/js/main-slider-script.js]
[html.kodesolution.com/2023/amiso-html/js/bootstrap.min.js]
[html.kodesolution.com/2023/amiso-html/js/jquery.fancybox.js]
[html.kodesolution.com/2023/amiso-html/js/wow.js]
[html.kodesolution.com/2023/amiso-html/js/appear.js]
[html.kodesolution.com/2023/amiso-html/js/knob.js]
[html.kodesolution.com/2023/amiso-html/js/select2.min.js]
[html.kodesolution.com/2023/amiso-html/js/owl.js]
[html.kodesolution.com/2023/amiso-html/js/script.js]
[html.kodesolution.com/2023/amiso-html/js/jquery.validate.min.js]
[html.kodesolution.com/2023/amiso-html/index.html]
[html.kodesolution.com/2023/amiso-html/css/bootstrap.min.css]
[html.kodesolution.com/2023/amiso-html/js/jquery.form.min.js]
[html.kodesolution.com/2023/amiso-html/plugins/revolution/fonts/revicons/revicons90c6.eot]
[html.kodesolution.com/2023/amiso-html/plugins/revolution/fonts/revicons/revicons90c6.woff]
[html.kodesolution.com/2023/amiso-html/plugins/revolution/fonts/revicons/revicons90c6.ttf]
[html.kodesolution.com/2023/amiso-html/plugins/revolution/fonts/revicons/revicons90c6.svg]
[html.kodesolution.com/2023/amiso-html/plugins/revolution/css/openhand.cur]
[html.kodesolution.com/2023/amiso-html/plugins/revolution/css/closedhand.cur]
[html.kodesolution.com/2023/amiso-html/plugins/revolution/assets/gridtile.png]
[html.kodesolution.com/2023/amiso-html/plugins/revolution/assets/gridtile_white.png]
[html.kodesolution.com/2023/amiso-html/plugins/revolution/assets/gridtile_3x3.png]
[html.kodesolution.com/2023/amiso-html/plugins/revolution/assets/gridtile_3x3_white.png]
[html.kodesolution.com/2023/amiso-html/plugins/revolution/assets/coloredbg.png]
[html.kodesolution.com/2023/amiso-html/plugins/revolution/assets/loader.gif]
[html.kodesolution.com/2023/amiso-html/plugins/revolution/css/settings.css]
[html.kodesolution.com/2023/amiso-html/plugins/revolution/css/layers.css]
[html.kodesolution.com/2023/amiso-html/plugins/revolution/css/navigation.css]
[html.kodesolution.com/2023/amiso-html/css/animate.css]
[html.kodesolution.com/2023/amiso-html/css/owl.css]
[html.kodesolution.com/2023/amiso-html/css/jquery.fancybox.min.css]
[html.kodesolution.com/2023/amiso-html/css/linear.css]
[html.kodesolution.com/2023/amiso-html/css/fontawesome.css]
[html.kodesolution.com/2023/amiso-html/css/flaticon.css]
[html.kodesolution.com/2023/amiso-html/css/tm-bs-mp.css]
[html.kodesolution.com/2023/amiso-html/css/tm-utility-classes.css]
[html.kodesolution.com/2023/amiso-html/images/icons/pattern-1.jpg]
[html.kodesolution.com/2023/amiso-html/images/icons/pattern-2.jpg]
[html.kodesolution.com/2023/amiso-html/images/icons/pattern-3.jpg]
[html.kodesolution.com/2023/amiso-html/images/icons/pattern-4.jpg]
[html.kodesolution.com/2023/amiso-html/images/icons/pattern-5.jpg]
[html.kodesolution.com/2023/amiso-html/images/icons/pattern-6.jpg]
[html.kodesolution.com/2023/amiso-html/images/icons/pattern-7.jpg]
[html.kodesolution.com/2023/amiso-html/images/icons/pattern-8.jpg]
[html.kodesolution.com/2023/amiso-html/images/icons/pattern-9.jpg]
[html.kodesolution.com/2023/amiso-html/images/icons/pattern-10.jpg]
[html.kodesolution.com/2023/amiso-html/images/icons/pattern-11.jpg]
[html.kodesolution.com/2023/amiso-html/images/icons/pattern-12.jpg]
[html.kodesolution.com/2023/amiso-html/images/icons/pattern-13.jpg]
[html.kodesolution.com/2023/amiso-html/images/icons/pattern-14.jpg]
[html.kodesolution.com/2023/amiso-html/images/icons/pattern-15.jpg]
[html.kodesolution.com/2023/amiso-html/images/icons/pattern-16.jpg]
[html.kodesolution.com/2023/amiso-html/images/icons/pattern-17.jpg]
[html.kodesolution.com/2023/amiso-html/images/icons/pattern-18.jpg]
[html.kodesolution.com/2023/amiso-html/images/icons/pattern-19.jpg]
[html.kodesolution.com/2023/amiso-html/images/icons/preloader.gif]
[html.kodesolution.com/2023/amiso-html/images/icons/icon-quote.png]
[html.kodesolution.com/2023/amiso-html/images/main-slider/bg-pattern.jpg]
[html.kodesolution.com/2023/amiso-html/images/main-slider/bg-pattern-3.png]
[html.kodesolution.com/2023/amiso-html/images/icons/shape.png]
[html.kodesolution.com/2023/amiso-html/images/icons/pattern-5.png]
[html.kodesolution.com/2023/amiso-html/images/icons/dots-3.png]
[html.kodesolution.com/2023/amiso-html/images/icons/shape-1.png]
[html.kodesolution.com/2023/amiso-html/images/icons/dots.png]
[html.kodesolution.com/2023/amiso-html/images/icons/dots-4.png]
[html.kodesolution.com/2023/amiso-html/images/icons/dots-4-light.png]
[html.kodesolution.com/2023/amiso-html/images/icons/process-arrow.png]
[html.kodesolution.com/2023/amiso-html/images/icons/dotted-map-2.jpg]
[html.kodesolution.com/2023/amiso-html/images/icons/shape-4.jpg]
[html.kodesolution.com/2023/amiso-html/images/icons/team-bg.png]
[html.kodesolution.com/2023/amiso-html/images/icons/shape-6.png]
[html.kodesolution.com/2023/amiso-html/images/icons/price-bg.jpg]
[html.kodesolution.com/2023/amiso-html/images/icons/price-hover-bg.jpg]
[html.kodesolution.com/2023/amiso-html/images/icons/feature-bg-1.png]
[html.kodesolution.com/2023/amiso-html/images/icons/feature-bg-2.png]
[html.kodesolution.com/2023/amiso-html/images/icons/feature-bg-3.png]
[html.kodesolution.com/2023/amiso-html/images/icons/shape-3.jpg]
[html.kodesolution.com/2023/amiso-html/images/icons/shape-2.jpg]
[html.kodesolution.com/2023/amiso-html/images/icons/shape-5.jpg]
[html.kodesolution.com/2023/amiso-html/images/icons/dots-2.png]
[html.kodesolution.com/2023/amiso-html/images/icons/pattern-7.png]
[html.kodesolution.com/2023/amiso-html/images/icons/pattern-3.png]
[html.kodesolution.com/2023/amiso-html/images/icons/cat-1-bg.png]
[html.kodesolution.com/2023/amiso-html/images/icons/cat-2-bg.png]
[html.kodesolution.com/2023/amiso-html/images/icons/cat-3-bg.png]
[html.kodesolution.com/2023/amiso-html/images/icons/cat-4-bg.png]
[html.kodesolution.com/2023/amiso-html/images/icons/pattern-8.png]
[html.kodesolution.com/2023/amiso-html/images/icons/shape-7.png]
[html.kodesolution.com/2023/amiso-html/css/style.css]
[html.kodesolution.com/2023/amiso-html/css/responsive.css]
[html.kodesolution.com/2023/amiso-html/images/main-slider/4.jpg]
[html.kodesolution.com/2023/amiso-html/images/main-slider/3.jpg]
[html.kodesolution.com/2023/amiso-html/images/resource/about-3.jpg]
[html.kodesolution.com/2023/amiso-html/images/resource/about-4.jpg]
[html.kodesolution.com/2023/amiso-html/images/background/1.png]
[html.kodesolution.com/2023/amiso-html/images/resource/image-1.jpg]
[html.kodesolution.com/2023/amiso-html/images/resource/image-4.jpg]
[html.kodesolution.com/2023/amiso-html/images/resource/thumb-4.jpg]
[html.kodesolution.com/2023/amiso-html/images/resource/thumb-3.jpg]
[html.kodesolution.com/2023/amiso-html/images/resource/thumb-2.jpg]
[html.kodesolution.com/2023/amiso-html/images/resource/thumb-1.jpg]
[html.kodesolution.com/2023/amiso-html/images/background/3.jpg]
[html.kodesolution.com/2023/amiso-html/images/resource/faq-2.jpg]
[html.kodesolution.com/2023/amiso-html/images/resource/faq-3.jpg]
[html.kodesolution.com/2023/amiso-html/images/resource/video.jpg]
[html.kodesolution.com/2023/amiso-html/index-2.html]
[html.kodesolution.com/2023/amiso-html/images/main-slider/bg-pattern-2.jpg]
[html.kodesolution.com/2023/amiso-html/images/main-slider/arrow.png]
[html.kodesolution.com/2023/amiso-html/images/main-slider/5.jpg]
[html.kodesolution.com/2023/amiso-html/images/main-slider/6.jpg]
[html.kodesolution.com/2023/amiso-html/images/resource/about-6.jpg]
[html.kodesolution.com/2023/amiso-html/images/resource/about-7.jpg]
[html.kodesolution.com/2023/amiso-html/page-project-details.htmlpage-project-details.html]
[html.kodesolution.com/2023/amiso-html/images/resource/why-us-1.jpg]
[html.kodesolution.com/2023/amiso-html/images/resource/why-us-2.jpg]
[html.kodesolution.com/2023/amiso-html/images/resource/fav-icon-light.png]
[html.kodesolution.com/2023/amiso-html/images/resource/team-1.jpg]
[html.kodesolution.com/2023/amiso-html/images/resource/team-2.jpg]
[html.kodesolution.com/2023/amiso-html/images/resource/team-3.jpg]
[html.kodesolution.com/2023/amiso-html/images/resource/work-2.jpg]
[html.kodesolution.com/2023/amiso-html/images/resource/sign.png]
[html.kodesolution.com/2023/amiso-html/images/resource/thumb-5.jpg]
[html.kodesolution.com/2023/amiso-html/images/resource/banner-1.jpg]
[html.kodesolution.com/2023/amiso-html/images/resource/info-bg.jpg]
[html.kodesolution.com/2023/amiso-html/index-3.html]
[html.kodesolution.com/2023/amiso-html/index-1-single.html]
[html.kodesolution.com/2023/amiso-html/index-2-single.html]
[html.kodesolution.com/2023/amiso-html/index-3-single.html]
[html.kodesolution.com/2023/amiso-html/index-1-dark.html]
[html.kodesolution.com/2023/amiso-html/index-2-dark.html]
[html.kodesolution.com/2023/amiso-html/css/style-dark.css]
[html.kodesolution.com/2023/amiso-html/images/main-slider/bg-pattern-2-dark.jpg]
[html.kodesolution.com/2023/amiso-html/index-3-dark.html]
[html.kodesolution.com/2023/amiso-html/images/pattern/p13.png]
[html.kodesolution.com/2023/amiso-html/index-1-boxed.html]
[html.kodesolution.com/2023/amiso-html/images/pattern/p14.png]
[html.kodesolution.com/2023/amiso-html/index-2-boxed.html]
[html.kodesolution.com/2023/amiso-html/index-1-rtl.html]
[html.kodesolution.com/2023/amiso-html/css/style-rtl.css]
[html.kodesolution.com/2023/amiso-html/images/background/page-title.jpg]
[html.kodesolution.com/2023/amiso-html/js/jquery-ui.js]
[html.kodesolution.com/2023/amiso-html/page-about.html]
[html.kodesolution.com/2023/amiso-html/page-projects.html]
[html.kodesolution.com/2023/amiso-html/js/swiper.min.js]
[html.kodesolution.com/2023/amiso-html/images/resource/project-details.jpg]
[html.kodesolution.com/2023/amiso-html/page-project-details.html]
[html.kodesolution.com/2023/amiso-html/page-team.html]
[html.kodesolution.com/2023/amiso-html/images/resource/team-details.jpg]
[html.kodesolution.com/2023/amiso-html/page-team-details.html]
[html.kodesolution.com/2023/amiso-html/page-testimonial.html]
[html.kodesolution.com/2023/amiso-html/page-pricing.html]
[html.kodesolution.com/2023/amiso-html/page-faq.html]
[html.kodesolution.com/2023/amiso-html/images/resource/404.jpg]
[html.kodesolution.com/2023/amiso-html/page-404.html]
[html.kodesolution.com/2023/amiso-html/page-services.html]
[html.kodesolution.com/2023/amiso-html/images/resource/service-details.jpg]
[html.kodesolution.com/2023/amiso-html/images/resource/service-d1.jpg]
[html.kodesolution.com/2023/amiso-html/images/resource/service-d2.jpg]
[html.kodesolution.com/2023/amiso-html/page-service-details.html]
[html.kodesolution.com/2023/amiso-html/images/resource/products/1.jpg]
[html.kodesolution.com/2023/amiso-html/images/resource/products/2.jpg]
[html.kodesolution.com/2023/amiso-html/images/resource/products/3.jpg]
[html.kodesolution.com/2023/amiso-html/images/resource/products/4.jpg]
[html.kodesolution.com/2023/amiso-html/images/resource/products/5.jpg]
[html.kodesolution.com/2023/amiso-html/images/resource/products/6.jpg]
[html.kodesolution.com/2023/amiso-html/images/resource/products/7.jpg]
[html.kodesolution.com/2023/amiso-html/images/resource/products/8.jpg]
[html.kodesolution.com/2023/amiso-html/js/jquery.countdown.js]
[html.kodesolution.com/2023/amiso-html/shop-products.html]
[html.kodesolution.com/2023/amiso-html/js/mixitup.js]
[html.kodesolution.com/2023/amiso-html/shop-details.html]
[html.kodesolution.com/2023/amiso-html/images/resource/products/thumb-1.jpg]
[html.kodesolution.com/2023/amiso-html/images/resource/products/thumb-2.jpg]
[html.kodesolution.com/2023/amiso-html/images/resource/products/thumb-3.jpg]
[html.kodesolution.com/2023/amiso-html/shop-products-sidebar.html]
[html.kodesolution.com/2023/amiso-html/images/resource/products/product-details.jpg]
[html.kodesolution.com/2023/amiso-html/images/resource/products/product-details2.jpg]
[html.kodesolution.com/2023/amiso-html/images/resource/products/product-details3.jpg]
[html.kodesolution.com/2023/amiso-html/shop-product-details.html]
[html.kodesolution.com/2023/amiso-html/shop-cart.html]
[html.kodesolution.com/2023/amiso-html/shop-checkout.html]
[html.kodesolution.com/2023/amiso-html/news-grid.html]
[html.kodesolution.com/2023/amiso-html/js/bxslider.js]
[html.kodesolution.com/2023/amiso-html/images/resource/news-details.jpg]
[html.kodesolution.com/2023/amiso-html/news-details.html]
[html.kodesolution.com/2023/amiso-html/page-contact.html]
[html.kodesolution.com/2023/amiso-html/plugins/revolution/fonts/revicons/revicons90c6.svg]
[html.kodesolution.com/2023/amiso-html/css/animate.css]
[html.kodesolution.com/2023/amiso-html/css/owl.video.play.png]
[html.kodesolution.com/2023/amiso-html/css/owl.css]
[html.kodesolution.com/2023/amiso-html/css/jquery.fancybox.min.css]
[html.kodesolution.com/2023/amiso-html/fonts/linearicons-free8429.eot]
[html.kodesolution.com/2023/amiso-html/fonts/linearicons-free8429.ttf]
[html.kodesolution.com/2023/amiso-html/fonts/linearicons-free8429.woff]
[html.kodesolution.com/2023/amiso-html/css/linear.css]
[html.kodesolution.com/2023/amiso-html/fonts/linearicons-free8429.svg]
[html.kodesolution.com/2023/amiso-html/fonts/fa-brands-400.woff2]
[html.kodesolution.com/2023/amiso-html/fonts/fa-brands-400.woff]
[html.kodesolution.com/2023/amiso-html/fonts/fa-brands-400.ttf]
[html.kodesolution.com/2023/amiso-html/fonts/fa-duotone-900.woff2]
[html.kodesolution.com/2023/amiso-html/fonts/fa-duotone-900.woff]
[html.kodesolution.com/2023/amiso-html/fonts/fa-duotone-900.ttf]
[html.kodesolution.com/2023/amiso-html/fonts/fa-light-300.woff2]
[html.kodesolution.com/2023/amiso-html/fonts/fa-light-300.woff]
[html.kodesolution.com/2023/amiso-html/fonts/fa-light-300.ttf]
[html.kodesolution.com/2023/amiso-html/fonts/fa-regular-400.woff2]
[html.kodesolution.com/2023/amiso-html/fonts/fa-regular-400.woff]
[html.kodesolution.com/2023/amiso-html/fonts/fa-regular-400.ttf]
[html.kodesolution.com/2023/amiso-html/fonts/fa-solid-900.woff2]
[html.kodesolution.com/2023/amiso-html/fonts/fa-solid-900.woff]
[html.kodesolution.com/2023/amiso-html/fonts/fa-solid-900.ttf]
[html.kodesolution.com/2023/amiso-html/fonts/fa-thin-100.woff2]
[html.kodesolution.com/2023/amiso-html/fonts/fa-thin-100.woff]
[html.kodesolution.com/2023/amiso-html/css/fontawesome.css]
[html.kodesolution.com/2023/amiso-html/fonts/fa-thin-100.ttf]
[html.kodesolution.com/2023/amiso-html/fonts/flaticon_agency245f.ttf]
[html.kodesolution.com/2023/amiso-html/fonts/flaticon_agency245f.woff]
[html.kodesolution.com/2023/amiso-html/fonts/flaticon_agency245f.woff2]
[html.kodesolution.com/2023/amiso-html/fonts/flaticon_agency245f.eot]
[html.kodesolution.com/2023/amiso-html/css/flaticon.css]
[html.kodesolution.com/2023/amiso-html/css/tm-bs-mp.css]
[html.kodesolution.com/2023/amiso-html/css/tm-utility-classes.css]
[html.kodesolution.com/2023/amiso-html/images/icons/pattern-7.html]
[html.kodesolution.com/2023/amiso-html/images/icons/pattern-3.html]
[html.kodesolution.com/2023/amiso-html/images/icons/cat-1-bg.html]
[html.kodesolution.com/2023/amiso-html/images/icons/cat-2-bg.html]
[html.kodesolution.com/2023/amiso-html/images/icons/cat-3-bg.html]
[html.kodesolution.com/2023/amiso-html/images/icons/cat-4-bg.html]
[html.kodesolution.com/2023/amiso-html/images/icons/pattern-8.html]
[html.kodesolution.com/2023/amiso-html/images/icons/shape-7.html]
[html.kodesolution.com/2023/amiso-html/page-project-details.htmlpage-project-details.html]
[html.kodesolution.com/2023/amiso-html/fonts/flaticon_agency245f.svg]
[html.kodesolution.com/2023/amiso-html/images/icons/pattern-4-dark.png]
[html.kodesolution.com/2023/amiso-html/images/icons/pattern-5-dark.jpg]
[html.kodesolution.com/2023/amiso-html/images/icons/Faunfacts.png]
[html.kodesolution.com/2023/amiso-html/images/icons/pattern-16.png]
[html.kodesolution.com/2023/amiso-html/images/icons/pattern-15-dark.png]
[html.kodesolution.com/2023/amiso-html/images/icons/pattern-20-dark.png]
[html.kodesolution.com/2023/amiso-html/images/icons/shape-10-dark.png]
[html.kodesolution.com/2023/amiso-html/images/icons/pattern-7-dark-dark.png]
[html.kodesolution.com/2023/amiso-html/images/icons/icon-lines-2-dark.png]
[html.kodesolution.com/2023/amiso-html/images/icons/icon-lines-dark.png]
[html.kodesolution.com/2023/amiso-html/images/icons/shape-4-dark.png]
[html.kodesolution.com/2023/amiso-html/images/icons/price-bg-dark.jpg]
[html.kodesolution.com/2023/amiso-html/images/icons/shape-4-dark.jpg]
[html.kodesolution.com/2023/amiso-html/images/icons/shape-5-dark.png]
[html.kodesolution.com/2023/amiso-html/css/style-dark.css]
[html.kodesolution.com/2023/amiso-html/css/style-rtl.css]
[html.kodesolution.com/2023/amiso-html/shop-details.html]
[html.kodesolution.com/2023/amiso-html/css/owl.video.play.html]
[html.kodesolution.com/2023/amiso-html/fonts/linearicons-free8429.svg]
[html.kodesolution.com/2023/amiso-html/fonts/flaticon_agency245f.svg]
[html.kodesolution.com/2023/amiso-html/images/icons/pattern-4-dark.html]
[html.kodesolution.com/2023/amiso-html/images/icons/pattern-5-dark.html]
[html.kodesolution.com/2023/amiso-html/images/icons/Faunfacts.html]
[html.kodesolution.com/2023/amiso-html/images/icons/pattern-16.html]
[html.kodesolution.com/2023/amiso-html/images/icons/pattern-15-dark.html]
[html.kodesolution.com/2023/amiso-html/images/icons/pattern-20-dark.html]
[html.kodesolution.com/2023/amiso-html/images/icons/shape-10-dark.html]
[html.kodesolution.com/2023/amiso-html/images/icons/pattern-7-dark-dark.html]
[html.kodesolution.com/2023/amiso-html/images/icons/icon-lines-2-dark.html]
[html.kodesolution.com/2023/amiso-html/images/icons/icon-lines-dark.html]
[html.kodesolution.com/2023/amiso-html/images/icons/shape-4-dark.html]
[html.kodesolution.com/2023/amiso-html/images/icons/shape-5-dark.html]
